<?xml version="1.0" encoding="UTF-8"?>
<!-- Generated by org.testng.reporters.JUnitXMLReporter -->
<testsuite hostname="DESKTOP-HILMFAQ" ignored="1" name="Default test(failed)" tests="1" failures="0" timestamp="31 Oct 2019 08:49:21 GMT" time="0.07" errors="0">
  <testcase name="skip_Ignore_Test" time="0.025" classname="SeleniumSamplesDay8.Skip_TestCases_Using_TestNG">
    <skipped/>
  </testcase> <!-- skip_Ignore_Test -->
  <testcase name="out_Of_Skip_Test" time="0.0" classname="SeleniumSamplesDay8.Skip_TestCases_Using_TestNG">
    <ignored/>
  </testcase> <!-- out_Of_Skip_Test -->
</testsuite> <!-- Default test(failed) -->
