<?xml version="1.0" encoding="UTF-8"?>
<!-- Generated by org.testng.reporters.JUnitXMLReporter -->
<testsuite hostname="DESKTOP-HILMFAQ" ignored="0" name="Test" tests="4" failures="1" timestamp="31 Oct 2019 09:05:45 GMT" time="0.143" errors="0">
  <testcase name="test2" time="0.051" classname="SeleniumSamplesDay8_RetryFailedTCs.Test2">
    <skipped/>
  </testcase> <!-- test2 -->
  <testcase name="test2" time="0.003" classname="SeleniumSamplesDay8_RetryFailedTCs.Test2">
    <skipped/>
  </testcase> <!-- test2 -->
  <testcase name="test2" time="0.003" classname="SeleniumSamplesDay8_RetryFailedTCs.Test2">
    <failure type="java.lang.AssertionError">
      <![CDATA[java.lang.AssertionError
at org.junit.Assert.fail(Assert.java:92)
at org.junit.Assert.assertTrue(Assert.java:43)
at org.junit.Assert.assertTrue(Assert.java:54)
at SeleniumSamplesDay8_RetryFailedTCs.Test2.test2(Test2.java:10)
... Removed 25 stack frames]]>
    </failure>
  </testcase> <!-- test2 -->
  <testcase name="test1" time="0.003" classname="SeleniumSamplesDay8_RetryFailedTCs.Test1"/>
</testsuite> <!-- Test -->
