<?xml version="1.0" encoding="UTF-8"?>
<!-- Generated by org.testng.reporters.JUnitReportReporter -->
<testsuite skipped="0" hostname="DESKTOP-HILMFAQ" name="SeleniumSamplesDay7.Priority_and_Description" tests="3" failures="0" timestamp="28 Sep 2019 10:50:26 GMT" time="0.041" errors="0">
  <testcase name="login_to_app2" time="0.027" classname="SeleniumSamplesDay7.Priority_and_Description"/>
  <testcase name="login_to_app3" time="0.010" classname="SeleniumSamplesDay7.Priority_and_Description"/>
  <testcase name="login_to_app1" time="0.004" classname="SeleniumSamplesDay7.Priority_and_Description"/>
</testsuite> <!-- SeleniumSamplesDay7.Priority_and_Description -->
