<?xml version="1.0" encoding="UTF-8"?>
<!-- Generated by org.testng.reporters.JUnitReportReporter -->
<testsuite skipped="0" hostname="DESKTOP-HILMFAQ" name="SeleniumSamplesDay7_TestNG_DataProvider.SameClass_DataProvider" tests="2" failures="0" timestamp="14 Oct 2019 09:33:09 GMT" time="26.175" errors="0">
  <testcase name="testMethod" time="10.780" classname="SeleniumSamplesDay7_TestNG_DataProvider.SameClass_DataProvider"/>
  <testcase name="testMethod" time="15.395" classname="SeleniumSamplesDay7_TestNG_DataProvider.SameClass_DataProvider"/>
</testsuite> <!-- SeleniumSamplesDay7_TestNG_DataProvider.SameClass_DataProvider -->
