<?xml version="1.0" encoding="UTF-8"?>
<!-- Generated by org.testng.reporters.JUnitReportReporter -->
<testsuite skipped="0" hostname="DESKTOP-HILMFAQ" name="SeleniumSamplesDay7.Testing_TestNG" tests="3" failures="0" timestamp="27 Sep 2019 10:09:28 GMT" time="22.530" errors="0">
  <testcase name="closebrowser" time="0.039" classname="SeleniumSamplesDay7.Testing_TestNG"/>
  <testcase name="navigate_to_site" time="22.464" classname="SeleniumSamplesDay7.Testing_TestNG"/>
  <testcase name="verify_page_title" time="0.027" classname="SeleniumSamplesDay7.Testing_TestNG"/>
</testsuite> <!-- SeleniumSamplesDay7.Testing_TestNG -->
