<?xml version="1.0" encoding="UTF-8"?>
<!-- Generated by org.testng.reporters.JUnitReportReporter -->
<testsuite skipped="0" hostname="DESKTOP-HILMFAQ" name="SeleniumSamplesDay7_TestNG_DataProvider.TestNG_DataProvider" tests="2" failures="0" timestamp="14 Oct 2019 09:32:07 GMT" time="31.429" errors="0">
  <testcase name="testMethod" time="15.470" classname="SeleniumSamplesDay7_TestNG_DataProvider.TestNG_DataProvider"/>
  <testcase name="testMethod" time="15.959" classname="SeleniumSamplesDay7_TestNG_DataProvider.TestNG_DataProvider"/>
</testsuite> <!-- SeleniumSamplesDay7_TestNG_DataProvider.TestNG_DataProvider -->
