<?xml version="1.0" encoding="UTF-8"?>
<!-- Generated by org.testng.reporters.JUnitReportReporter -->
<testsuite skipped="0" hostname="DESKTOP-HILMFAQ" name="SeleniumSamplesDay7_TestNG_DataProvider.DifferentClass_DataProvider2" tests="2" failures="0" timestamp="14 Oct 2019 09:38:31 GMT" time="33.031" errors="0">
  <testcase name="testMethod" time="13.751" classname="SeleniumSamplesDay7_TestNG_DataProvider.DifferentClass_DataProvider2"/>
  <testcase name="testMethod" time="19.280" classname="SeleniumSamplesDay7_TestNG_DataProvider.DifferentClass_DataProvider2"/>
</testsuite> <!-- SeleniumSamplesDay7_TestNG_DataProvider.DifferentClass_DataProvider2 -->
