<?xml version="1.0" encoding="UTF-8"?>
<!-- Generated by org.testng.reporters.JUnitReportReporter -->
<testsuite skipped="0" hostname="DESKTOP-HILMFAQ" name="SeleniumSamplesDay2.dropdown_selection_three_different_ways" tests="1" failures="0" timestamp="12 Sep 2019 10:17:26 GMT" time="2.884" errors="0">
  <testcase name="selectdropdown" time="2.884" classname="SeleniumSamplesDay2.dropdown_selection_three_different_ways"/>
</testsuite> <!-- SeleniumSamplesDay2.dropdown_selection_three_different_ways -->
