<?xml version="1.0" encoding="UTF-8"?>
<!-- Generated by org.testng.reporters.JUnitReportReporter -->
<testsuite skipped="1" hostname="DESKTOP-HILMFAQ" name="SeleniumSamplesDay8.Skip_TestCases_Using_TestNG" tests="1" failures="0" timestamp="31 Oct 2019 08:50:03 GMT" time="0.025" errors="0">
  <testcase name="skip_Ignore_Test" time="0.025" classname="SeleniumSamplesDay8.Skip_TestCases_Using_TestNG">
    <skipped/>
  </testcase> <!-- skip_Ignore_Test -->
</testsuite> <!-- SeleniumSamplesDay8.Skip_TestCases_Using_TestNG -->
