<?xml version="1.0" encoding="UTF-8"?>
<!-- Generated by org.testng.reporters.JUnitReportReporter -->
<testsuite skipped="0" hostname="DESKTOP-HILMFAQ" name="SeleniumSamplesDay8.Exclude_TestCases_Using_TestNG" tests="2" failures="0" timestamp="29 Oct 2019 09:23:31 GMT" time="0.027" errors="0">
  <testcase name="method_2" time="0.003" classname="SeleniumSamplesDay8.Exclude_TestCases_Using_TestNG"/>
  <testcase name="method_1" time="0.024" classname="SeleniumSamplesDay8.Exclude_TestCases_Using_TestNG"/>
</testsuite> <!-- SeleniumSamplesDay8.Exclude_TestCases_Using_TestNG -->
