<?xml version="1.0" encoding="UTF-8"?>
<!-- Generated by org.testng.reporters.JUnitReportReporter -->
<testsuite skipped="0" hostname="DESKTOP-HILMFAQ" name="SeleniumSamplesDay8.Exclude_TestCases_Using_TestNG$Class_Name" tests="3" failures="0" timestamp="29 Oct 2019 09:20:49 GMT" time="0.024" errors="0">
  <testcase name="method_1" time="0.021" classname="SeleniumSamplesDay8.Exclude_TestCases_Using_TestNG$Class_Name"/>
  <testcase name="method_3" time="0.001" classname="SeleniumSamplesDay8.Exclude_TestCases_Using_TestNG$Class_Name"/>
  <testcase name="method_2" time="0.002" classname="SeleniumSamplesDay8.Exclude_TestCases_Using_TestNG$Class_Name"/>
</testsuite> <!-- SeleniumSamplesDay8.Exclude_TestCases_Using_TestNG$Class_Name -->
