<?xml version="1.0" encoding="UTF-8"?>
<!-- Generated by org.testng.reporters.JUnitReportReporter -->
<testsuite skipped="1" hostname="DESKTOP-HILMFAQ" name="SeleniumSamplesDay8.Disable_TestCases_Using_TestNG" tests="3" failures="0" timestamp="29 Oct 2019 09:11:48 GMT" time="0.199" errors="0">
  <testcase name="testMethodThree" time="0.005" classname="SeleniumSamplesDay8.Disable_TestCases_Using_TestNG"/>
  <testcase name="testMethodOne" time="0.194" classname="SeleniumSamplesDay8.Disable_TestCases_Using_TestNG"/>
  <testcase name="testMethodTwo" classname="SeleniumSamplesDay8.Disable_TestCases_Using_TestNG">
    <skipped/>
  </testcase> <!-- testMethodTwo -->
</testsuite> <!-- SeleniumSamplesDay8.Disable_TestCases_Using_TestNG -->
