<?xml version="1.0" encoding="UTF-8"?>
<!-- Generated by org.testng.reporters.JUnitReportReporter -->
<testsuite skipped="2" hostname="DESKTOP-HILMFAQ" name="SeleniumSamplesDay7.TestNG_Dependencies" tests="3" failures="1" timestamp="01 Oct 2019 10:26:43 GMT" time="0.029" errors="0">
  <testcase name="login_to_app3" time="0.000" classname="SeleniumSamplesDay7.TestNG_Dependencies">
    <skipped/>
  </testcase> <!-- login_to_app3 -->
  <testcase name="login_to_app2" time="0.000" classname="SeleniumSamplesDay7.TestNG_Dependencies">
    <skipped/>
  </testcase> <!-- login_to_app2 -->
  <testcase name="login_to_app1" time="0.029" classname="SeleniumSamplesDay7.TestNG_Dependencies">
    <failure type="java.lang.AssertionError" message="Integer Values do not match expected:&lt;12&gt; but was:&lt;13&gt;">
      <![CDATA[java.lang.AssertionError: Integer Values do not match expected:<12> but was:<13>
at org.junit.Assert.fail(Assert.java:93)
at org.junit.Assert.failNotEquals(Assert.java:647)
at org.junit.Assert.assertEquals(Assert.java:128)
at org.junit.Assert.assertEquals(Assert.java:472)
at SeleniumSamplesDay7.TestNG_Dependencies.login_to_app1(TestNG_Dependencies.java:14)
at sun.reflect.NativeMethodAccessorImpl.invoke0(Native Method)
at sun.reflect.NativeMethodAccessorImpl.invoke(NativeMethodAccessorImpl.java:62)
at sun.reflect.DelegatingMethodAccessorImpl.invoke(DelegatingMethodAccessorImpl.java:43)
at java.lang.reflect.Method.invoke(Method.java:498)
at org.testng.internal.MethodInvocationHelper.invokeMethod(MethodInvocationHelper.java:124)
at org.testng.internal.Invoker.invokeMethod(Invoker.java:580)
at org.testng.internal.Invoker.invokeTestMethod(Invoker.java:716)
at org.testng.internal.Invoker.invokeTestMethods(Invoker.java:988)
at org.testng.internal.TestMethodWorker.invokeTestMethods(TestMethodWorker.java:125)
at org.testng.internal.TestMethodWorker.run(TestMethodWorker.java:109)
at org.testng.TestRunner.privateRun(TestRunner.java:648)
at org.testng.TestRunner.run(TestRunner.java:505)
at org.testng.SuiteRunner.runTest(SuiteRunner.java:455)
at org.testng.SuiteRunner.runSequentially(SuiteRunner.java:450)
at org.testng.SuiteRunner.privateRun(SuiteRunner.java:415)
at org.testng.SuiteRunner.run(SuiteRunner.java:364)
at org.testng.SuiteRunnerWorker.runSuite(SuiteRunnerWorker.java:52)
at org.testng.SuiteRunnerWorker.run(SuiteRunnerWorker.java:84)
at org.testng.TestNG.runSuitesSequentially(TestNG.java:1208)
at org.testng.TestNG.runSuitesLocally(TestNG.java:1137)
at org.testng.TestNG.runSuites(TestNG.java:1049)
at org.testng.TestNG.run(TestNG.java:1017)
at org.testng.remote.AbstractRemoteTestNG.run(AbstractRemoteTestNG.java:114)
at org.testng.remote.RemoteTestNG.initAndRun(RemoteTestNG.java:251)
at org.testng.remote.RemoteTestNG.main(RemoteTestNG.java:77)
]]>
    </failure>
  </testcase> <!-- login_to_app1 -->
</testsuite> <!-- SeleniumSamplesDay7.TestNG_Dependencies -->
